[0.010s] Invoking command in '/home/ugv_dev/ugv_autonomy_stack/build/rover_simulation': CMAKE_PREFIX_PATH=/opt/ros/humble /usr/bin/cmake /home/ugv_dev/ugv_autonomy_stack/src/rover_simulation -DCMAKE_INSTALL_PREFIX=/home/ugv_dev/ugv_autonomy_stack/install/rover_simulation
[0.230s] -- The C compiler identification is GNU 11.4.0
[0.827s] -- The CXX compiler identification is GNU 11.4.0
[1.230s] -- Detecting C compiler ABI info
[1.348s] -- Detecting C compiler ABI info - done
[1.353s] -- Check for working C compiler: /usr/bin/cc - skipped
[1.357s] -- Detecting C compile features
[1.357s] -- Detecting C compile features - done
[1.360s] -- Detecting CXX compiler ABI info
[1.475s] -- Detecting CXX compiler ABI info - done
[1.479s] -- Check for working CXX compiler: /usr/bin/c++ - skipped
[1.479s] -- Detecting CXX compile features
[1.480s] -- Detecting CXX compile features - done
[1.491s] -- Found ament_cmake: 1.3.12 (/opt/ros/humble/share/ament_cmake/cmake)
[1.588s] -- Found Python3: /usr/bin/python3 (found version "3.10.12") found components: Interpreter 
[1.661s] -- Found ament_lint_auto: 0.12.14 (/opt/ros/humble/share/ament_lint_auto/cmake)
[1.716s] -- Added test 'lint_cmake' to check CMake code style
[1.718s] -- Added test 'xmllint' to check XML markup files
[1.719s] -- Configuring done
[1.721s] -- Generating done
[1.723s] -- Build files have been written to: /home/ugv_dev/ugv_autonomy_stack/build/rover_simulation
[1.728s] Invoked command in '/home/ugv_dev/ugv_autonomy_stack/build/rover_simulation' returned '0': CMAKE_PREFIX_PATH=/opt/ros/humble /usr/bin/cmake /home/ugv_dev/ugv_autonomy_stack/src/rover_simulation -DCMAKE_INSTALL_PREFIX=/home/ugv_dev/ugv_autonomy_stack/install/rover_simulation
[1.729s] Invoking command in '/home/ugv_dev/ugv_autonomy_stack/build/rover_simulation': CMAKE_PREFIX_PATH=/opt/ros/humble /usr/bin/cmake --build /home/ugv_dev/ugv_autonomy_stack/build/rover_simulation -- -j16 -l16
[1.758s] Invoked command in '/home/ugv_dev/ugv_autonomy_stack/build/rover_simulation' returned '0': CMAKE_PREFIX_PATH=/opt/ros/humble /usr/bin/cmake --build /home/ugv_dev/ugv_autonomy_stack/build/rover_simulation -- -j16 -l16
[1.759s] Invoking command in '/home/ugv_dev/ugv_autonomy_stack/build/rover_simulation': CMAKE_PREFIX_PATH=/opt/ros/humble /usr/bin/cmake --install /home/ugv_dev/ugv_autonomy_stack/build/rover_simulation
[1.763s] -- Install configuration: ""
[1.764s] -- Installing: /home/ugv_dev/ugv_autonomy_stack/install/rover_simulation/share/ament_index/resource_index/package_run_dependencies/rover_simulation
[1.764s] -- Installing: /home/ugv_dev/ugv_autonomy_stack/install/rover_simulation/share/ament_index/resource_index/parent_prefix_path/rover_simulation
[1.765s] -- Installing: /home/ugv_dev/ugv_autonomy_stack/install/rover_simulation/share/rover_simulation/environment/ament_prefix_path.sh
[1.765s] -- Installing: /home/ugv_dev/ugv_autonomy_stack/install/rover_simulation/share/rover_simulation/environment/ament_prefix_path.dsv
[1.765s] -- Installing: /home/ugv_dev/ugv_autonomy_stack/install/rover_simulation/share/rover_simulation/environment/path.sh
[1.765s] -- Installing: /home/ugv_dev/ugv_autonomy_stack/install/rover_simulation/share/rover_simulation/environment/path.dsv
[1.765s] -- Installing: /home/ugv_dev/ugv_autonomy_stack/install/rover_simulation/share/rover_simulation/local_setup.bash
[1.765s] -- Installing: /home/ugv_dev/ugv_autonomy_stack/install/rover_simulation/share/rover_simulation/local_setup.sh
[1.765s] -- Installing: /home/ugv_dev/ugv_autonomy_stack/install/rover_simulation/share/rover_simulation/local_setup.zsh
[1.765s] -- Installing: /home/ugv_dev/ugv_autonomy_stack/install/rover_simulation/share/rover_simulation/local_setup.dsv
[1.766s] -- Installing: /home/ugv_dev/ugv_autonomy_stack/install/rover_simulation/share/rover_simulation/package.dsv
[1.766s] -- Installing: /home/ugv_dev/ugv_autonomy_stack/install/rover_simulation/share/ament_index/resource_index/packages/rover_simulation
[1.766s] -- Installing: /home/ugv_dev/ugv_autonomy_stack/install/rover_simulation/share/rover_simulation/cmake/rover_simulationConfig.cmake
[1.766s] -- Installing: /home/ugv_dev/ugv_autonomy_stack/install/rover_simulation/share/rover_simulation/cmake/rover_simulationConfig-version.cmake
[1.766s] -- Installing: /home/ugv_dev/ugv_autonomy_stack/install/rover_simulation/share/rover_simulation/package.xml
[1.782s] Invoked command in '/home/ugv_dev/ugv_autonomy_stack/build/rover_simulation' returned '0': CMAKE_PREFIX_PATH=/opt/ros/humble /usr/bin/cmake --install /home/ugv_dev/ugv_autonomy_stack/build/rover_simulation
