[0.015s] Invoking command in '/home/ugv_dev/ugv_autonomy_stack/build/rover_description': CMAKE_PREFIX_PATH=${CMAKE_PREFIX_PATH}:/opt/ros/humble /usr/bin/cmake --build /home/ugv_dev/ugv_autonomy_stack/build/rover_description -- -j16 -l16
[0.084s] Invoked command in '/home/ugv_dev/ugv_autonomy_stack/build/rover_description' returned '0': CMAKE_PREFIX_PATH=${CMAKE_PREFIX_PATH}:/opt/ros/humble /usr/bin/cmake --build /home/ugv_dev/ugv_autonomy_stack/build/rover_description -- -j16 -l16
[0.086s] Invoking command in '/home/ugv_dev/ugv_autonomy_stack/build/rover_description': CMAKE_PREFIX_PATH=${CMAKE_PREFIX_PATH}:/opt/ros/humble /usr/bin/cmake --install /home/ugv_dev/ugv_autonomy_stack/build/rover_description
[0.092s] -- Install configuration: ""
[0.092s] -- Up-to-date: /home/ugv_dev/ugv_autonomy_stack/install/rover_description/share/rover_description/urdf
[0.092s] -- Installing: /home/ugv_dev/ugv_autonomy_stack/install/rover_description/share/rover_description/urdf/rover.urdf.xacro
[0.092s] -- Up-to-date: /home/ugv_dev/ugv_autonomy_stack/install/rover_description/share/rover_description/meshes
[0.092s] -- Up-to-date: /home/ugv_dev/ugv_autonomy_stack/install/rover_description/share/rover_description/launch
[0.093s] -- Up-to-date: /home/ugv_dev/ugv_autonomy_stack/install/rover_description/share/rover_description/rviz
[0.093s] -- Up-to-date: /home/ugv_dev/ugv_autonomy_stack/install/rover_description/share/ament_index/resource_index/package_run_dependencies/rover_description
[0.093s] -- Up-to-date: /home/ugv_dev/ugv_autonomy_stack/install/rover_description/share/ament_index/resource_index/parent_prefix_path/rover_description
[0.094s] -- Up-to-date: /home/ugv_dev/ugv_autonomy_stack/install/rover_description/share/rover_description/environment/ament_prefix_path.sh
[0.094s] -- Up-to-date: /home/ugv_dev/ugv_autonomy_stack/install/rover_description/share/rover_description/environment/ament_prefix_path.dsv
[0.094s] -- Up-to-date: /home/ugv_dev/ugv_autonomy_stack/install/rover_description/share/rover_description/environment/path.sh
[0.094s] -- Up-to-date: /home/ugv_dev/ugv_autonomy_stack/install/rover_description/share/rover_description/environment/path.dsv
[0.094s] -- Up-to-date: /home/ugv_dev/ugv_autonomy_stack/install/rover_description/share/rover_description/local_setup.bash
[0.094s] -- Up-to-date: /home/ugv_dev/ugv_autonomy_stack/install/rover_description/share/rover_description/local_setup.sh
[0.094s] -- Up-to-date: /home/ugv_dev/ugv_autonomy_stack/install/rover_description/share/rover_description/local_setup.zsh
[0.094s] -- Up-to-date: /home/ugv_dev/ugv_autonomy_stack/install/rover_description/share/rover_description/local_setup.dsv
[0.094s] -- Installing: /home/ugv_dev/ugv_autonomy_stack/install/rover_description/share/rover_description/package.dsv
[0.095s] -- Up-to-date: /home/ugv_dev/ugv_autonomy_stack/install/rover_description/share/ament_index/resource_index/packages/rover_description
[0.095s] -- Up-to-date: /home/ugv_dev/ugv_autonomy_stack/install/rover_description/share/rover_description/cmake/rover_descriptionConfig.cmake
[0.095s] -- Up-to-date: /home/ugv_dev/ugv_autonomy_stack/install/rover_description/share/rover_description/cmake/rover_descriptionConfig-version.cmake
[0.095s] -- Up-to-date: /home/ugv_dev/ugv_autonomy_stack/install/rover_description/share/rover_description/package.xml
[0.111s] Invoked command in '/home/ugv_dev/ugv_autonomy_stack/build/rover_description' returned '0': CMAKE_PREFIX_PATH=${CMAKE_PREFIX_PATH}:/opt/ros/humble /usr/bin/cmake --install /home/ugv_dev/ugv_autonomy_stack/build/rover_description
