-- Install configuration: ""
-- Up-to-date: /home/ugv_dev/ugv_autonomy_stack/install/rover_simulation/share/rover_simulation/launch
-- Installing: /home/ugv_dev/ugv_autonomy_stack/install/rover_simulation/share/rover_simulation/launch/sim.launch.py
-- Up-to-date: /home/ugv_dev/ugv_autonomy_stack/install/rover_simulation/share/rover_simulation/worlds
-- Up-to-date: /home/ugv_dev/ugv_autonomy_stack/install/rover_simulation/share/rover_simulation/config
-- Installing: /home/ugv_dev/ugv_autonomy_stack/install/rover_simulation/share/rover_simulation/config/controllers.yaml
-- Up-to-date: /home/ugv_dev/ugv_autonomy_stack/install/rover_simulation/share/ament_index/resource_index/package_run_dependencies/rover_simulation
-- Up-to-date: /home/ugv_dev/ugv_autonomy_stack/install/rover_simulation/share/ament_index/resource_index/parent_prefix_path/rover_simulation
-- Up-to-date: /home/ugv_dev/ugv_autonomy_stack/install/rover_simulation/share/rover_simulation/environment/ament_prefix_path.sh
-- Up-to-date: /home/ugv_dev/ugv_autonomy_stack/install/rover_simulation/share/rover_simulation/environment/ament_prefix_path.dsv
-- Up-to-date: /home/ugv_dev/ugv_autonomy_stack/install/rover_simulation/share/rover_simulation/environment/path.sh
-- Up-to-date: /home/ugv_dev/ugv_autonomy_stack/install/rover_simulation/share/rover_simulation/environment/path.dsv
-- Up-to-date: /home/ugv_dev/ugv_autonomy_stack/install/rover_simulation/share/rover_simulation/local_setup.bash
-- Up-to-date: /home/ugv_dev/ugv_autonomy_stack/install/rover_simulation/share/rover_simulation/local_setup.sh
-- Up-to-date: /home/ugv_dev/ugv_autonomy_stack/install/rover_simulation/share/rover_simulation/local_setup.zsh
-- Up-to-date: /home/ugv_dev/ugv_autonomy_stack/install/rover_simulation/share/rover_simulation/local_setup.dsv
-- Installing: /home/ugv_dev/ugv_autonomy_stack/install/rover_simulation/share/rover_simulation/package.dsv
-- Up-to-date: /home/ugv_dev/ugv_autonomy_stack/install/rover_simulation/share/ament_index/resource_index/packages/rover_simulation
-- Up-to-date: /home/ugv_dev/ugv_autonomy_stack/install/rover_simulation/share/rover_simulation/cmake/rover_simulationConfig.cmake
-- Up-to-date: /home/ugv_dev/ugv_autonomy_stack/install/rover_simulation/share/rover_simulation/cmake/rover_simulationConfig-version.cmake
-- Up-to-date: /home/ugv_dev/ugv_autonomy_stack/install/rover_simulation/share/rover_simulation/package.xml
