[0.010s] Invoking command in '/home/ugv_dev/ugv_autonomy_stack/build/rover_simulation': CMAKE_PREFIX_PATH=${CMAKE_PREFIX_PATH}:/opt/ros/humble /usr/bin/cmake --build /home/ugv_dev/ugv_autonomy_stack/build/rover_simulation -- -j16 -l16
[0.038s] Invoked command in '/home/ugv_dev/ugv_autonomy_stack/build/rover_simulation' returned '0': CMAKE_PREFIX_PATH=${CMAKE_PREFIX_PATH}:/opt/ros/humble /usr/bin/cmake --build /home/ugv_dev/ugv_autonomy_stack/build/rover_simulation -- -j16 -l16
[0.039s] Invoking command in '/home/ugv_dev/ugv_autonomy_stack/build/rover_simulation': CMAKE_PREFIX_PATH=${CMAKE_PREFIX_PATH}:/opt/ros/humble /usr/bin/cmake --install /home/ugv_dev/ugv_autonomy_stack/build/rover_simulation
[0.044s] -- Install configuration: ""
[0.044s] -- Up-to-date: /home/ugv_dev/ugv_autonomy_stack/install/rover_simulation/share/rover_simulation/launch
[0.044s] -- Up-to-date: /home/ugv_dev/ugv_autonomy_stack/install/rover_simulation/share/rover_simulation/launch/sim.launch.py
[0.044s] -- Up-to-date: /home/ugv_dev/ugv_autonomy_stack/install/rover_simulation/share/rover_simulation/worlds
[0.045s] -- Up-to-date: /home/ugv_dev/ugv_autonomy_stack/install/rover_simulation/share/rover_simulation/config
[0.045s] -- Up-to-date: /home/ugv_dev/ugv_autonomy_stack/install/rover_simulation/share/ament_index/resource_index/package_run_dependencies/rover_simulation
[0.045s] -- Up-to-date: /home/ugv_dev/ugv_autonomy_stack/install/rover_simulation/share/ament_index/resource_index/parent_prefix_path/rover_simulation
[0.045s] -- Up-to-date: /home/ugv_dev/ugv_autonomy_stack/install/rover_simulation/share/rover_simulation/environment/ament_prefix_path.sh
[0.045s] -- Up-to-date: /home/ugv_dev/ugv_autonomy_stack/install/rover_simulation/share/rover_simulation/environment/ament_prefix_path.dsv
[0.045s] -- Up-to-date: /home/ugv_dev/ugv_autonomy_stack/install/rover_simulation/share/rover_simulation/environment/path.sh
[0.045s] -- Up-to-date: /home/ugv_dev/ugv_autonomy_stack/install/rover_simulation/share/rover_simulation/environment/path.dsv
[0.045s] -- Up-to-date: /home/ugv_dev/ugv_autonomy_stack/install/rover_simulation/share/rover_simulation/local_setup.bash
[0.045s] -- Up-to-date: /home/ugv_dev/ugv_autonomy_stack/install/rover_simulation/share/rover_simulation/local_setup.sh
[0.045s] -- Up-to-date: /home/ugv_dev/ugv_autonomy_stack/install/rover_simulation/share/rover_simulation/local_setup.zsh
[0.045s] -- Up-to-date: /home/ugv_dev/ugv_autonomy_stack/install/rover_simulation/share/rover_simulation/local_setup.dsv
[0.045s] -- Installing: /home/ugv_dev/ugv_autonomy_stack/install/rover_simulation/share/rover_simulation/package.dsv
[0.045s] -- Up-to-date: /home/ugv_dev/ugv_autonomy_stack/install/rover_simulation/share/ament_index/resource_index/packages/rover_simulation
[0.046s] -- Up-to-date: /home/ugv_dev/ugv_autonomy_stack/install/rover_simulation/share/rover_simulation/cmake/rover_simulationConfig.cmake
[0.046s] -- Up-to-date: /home/ugv_dev/ugv_autonomy_stack/install/rover_simulation/share/rover_simulation/cmake/rover_simulationConfig-version.cmake
[0.046s] -- Up-to-date: /home/ugv_dev/ugv_autonomy_stack/install/rover_simulation/share/rover_simulation/package.xml
[0.056s] Invoked command in '/home/ugv_dev/ugv_autonomy_stack/build/rover_simulation' returned '0': CMAKE_PREFIX_PATH=${CMAKE_PREFIX_PATH}:/opt/ros/humble /usr/bin/cmake --install /home/ugv_dev/ugv_autonomy_stack/build/rover_simulation
