[0.179s] DEBUG:colcon:Command line arguments: ['/usr/bin/colcon', 'build']
[0.179s] DEBUG:colcon:Parsed command line arguments: Namespace(log_base=None, log_level=None, verb_name='build', build_base='build', install_base='install', merge_install=False, symlink_install=False, test_result_base=None, continue_on_error=False, executor='parallel', parallel_workers=16, event_handlers=None, ignore_user_meta=False, metas=['./colcon.meta'], base_paths=['.'], packages_ignore=None, packages_ignore_regex=None, paths=None, packages_up_to=None, packages_up_to_regex=None, packages_above=None, packages_above_and_dependencies=None, packages_above_depth=None, packages_select_by_dep=None, packages_skip_by_dep=None, packages_skip_up_to=None, packages_select_build_failed=False, packages_skip_build_finished=False, packages_select_test_failures=False, packages_skip_test_passed=False, packages_select=None, packages_skip=None, packages_select_regex=None, packages_skip_regex=None, packages_start=None, packages_end=None, allow_overriding=[], cmake_args=None, cmake_target=None, cmake_target_skip_unavailable=False, cmake_clean_cache=False, cmake_clean_first=False, cmake_force_configure=False, ament_cmake_args=None, catkin_cmake_args=None, catkin_skip_building_tests=False, verb_parser=<colcon_defaults.argument_parser.defaults.DefaultArgumentsDecorator object at 0x73daba323370>, verb_extension=<colcon_core.verb.build.BuildVerb object at 0x73daba4703d0>, main=<bound method BuildVerb.main of <colcon_core.verb.build.BuildVerb object at 0x73daba4703d0>>)
[0.254s] Level 1:colcon.colcon_core.package_discovery:discover_packages(colcon_meta) check parameters
[0.254s] Level 1:colcon.colcon_core.package_discovery:discover_packages(recursive) check parameters
[0.254s] Level 1:colcon.colcon_core.package_discovery:discover_packages(ignore) check parameters
[0.254s] Level 1:colcon.colcon_core.package_discovery:discover_packages(path) check parameters
[0.254s] Level 1:colcon.colcon_core.package_discovery:discover_packages(colcon_meta) discover
[0.254s] Level 1:colcon.colcon_core.package_discovery:discover_packages(recursive) discover
[0.254s] INFO:colcon.colcon_core.package_discovery:Crawling recursively for packages in '/home/ugv_dev/ugv_autonomy_stack'
[0.254s] Level 1:colcon.colcon_core.package_identification:_identify(.) by extensions ['ignore', 'ignore_ament_install']
[0.255s] Level 1:colcon.colcon_core.package_identification:_identify(.) by extension 'ignore'
[0.255s] Level 1:colcon.colcon_core.package_identification:_identify(.) by extension 'ignore_ament_install'
[0.255s] Level 1:colcon.colcon_core.package_identification:_identify(.) by extensions ['colcon_pkg']
[0.255s] Level 1:colcon.colcon_core.package_identification:_identify(.) by extension 'colcon_pkg'
[0.255s] Level 1:colcon.colcon_core.package_identification:_identify(.) by extensions ['colcon_meta']
[0.255s] Level 1:colcon.colcon_core.package_identification:_identify(.) by extension 'colcon_meta'
[0.255s] Level 1:colcon.colcon_core.package_identification:_identify(.) by extensions ['ros']
[0.255s] Level 1:colcon.colcon_core.package_identification:_identify(.) by extension 'ros'
[0.261s] Level 1:colcon.colcon_core.package_identification:_identify(.) by extensions ['cmake', 'python']
[0.261s] Level 1:colcon.colcon_core.package_identification:_identify(.) by extension 'cmake'
[0.261s] Level 1:colcon.colcon_core.package_identification:_identify(.) by extension 'python'
[0.261s] Level 1:colcon.colcon_core.package_identification:_identify(.) by extensions ['python_setup_py']
[0.261s] Level 1:colcon.colcon_core.package_identification:_identify(.) by extension 'python_setup_py'
[0.261s] Level 1:colcon.colcon_core.package_identification:_identify(build) by extensions ['ignore', 'ignore_ament_install']
[0.261s] Level 1:colcon.colcon_core.package_identification:_identify(build) by extension 'ignore'
[0.261s] Level 1:colcon.colcon_core.package_identification:_identify(build) ignored
[0.262s] Level 1:colcon.colcon_core.package_identification:_identify(config) by extensions ['ignore', 'ignore_ament_install']
[0.262s] Level 1:colcon.colcon_core.package_identification:_identify(config) by extension 'ignore'
[0.262s] Level 1:colcon.colcon_core.package_identification:_identify(config) by extension 'ignore_ament_install'
[0.262s] Level 1:colcon.colcon_core.package_identification:_identify(config) by extensions ['colcon_pkg']
[0.262s] Level 1:colcon.colcon_core.package_identification:_identify(config) by extension 'colcon_pkg'
[0.262s] Level 1:colcon.colcon_core.package_identification:_identify(config) by extensions ['colcon_meta']
[0.262s] Level 1:colcon.colcon_core.package_identification:_identify(config) by extension 'colcon_meta'
[0.262s] Level 1:colcon.colcon_core.package_identification:_identify(config) by extensions ['ros']
[0.262s] Level 1:colcon.colcon_core.package_identification:_identify(config) by extension 'ros'
[0.262s] Level 1:colcon.colcon_core.package_identification:_identify(config) by extensions ['cmake', 'python']
[0.262s] Level 1:colcon.colcon_core.package_identification:_identify(config) by extension 'cmake'
[0.262s] Level 1:colcon.colcon_core.package_identification:_identify(config) by extension 'python'
[0.262s] Level 1:colcon.colcon_core.package_identification:_identify(config) by extensions ['python_setup_py']
[0.262s] Level 1:colcon.colcon_core.package_identification:_identify(config) by extension 'python_setup_py'
[0.262s] Level 1:colcon.colcon_core.package_identification:_identify(docker) by extensions ['ignore', 'ignore_ament_install']
[0.262s] Level 1:colcon.colcon_core.package_identification:_identify(docker) by extension 'ignore'
[0.262s] Level 1:colcon.colcon_core.package_identification:_identify(docker) by extension 'ignore_ament_install'
[0.262s] Level 1:colcon.colcon_core.package_identification:_identify(docker) by extensions ['colcon_pkg']
[0.262s] Level 1:colcon.colcon_core.package_identification:_identify(docker) by extension 'colcon_pkg'
[0.262s] Level 1:colcon.colcon_core.package_identification:_identify(docker) by extensions ['colcon_meta']
[0.262s] Level 1:colcon.colcon_core.package_identification:_identify(docker) by extension 'colcon_meta'
[0.262s] Level 1:colcon.colcon_core.package_identification:_identify(docker) by extensions ['ros']
[0.262s] Level 1:colcon.colcon_core.package_identification:_identify(docker) by extension 'ros'
[0.262s] Level 1:colcon.colcon_core.package_identification:_identify(docker) by extensions ['cmake', 'python']
[0.262s] Level 1:colcon.colcon_core.package_identification:_identify(docker) by extension 'cmake'
[0.262s] Level 1:colcon.colcon_core.package_identification:_identify(docker) by extension 'python'
[0.262s] Level 1:colcon.colcon_core.package_identification:_identify(docker) by extensions ['python_setup_py']
[0.262s] Level 1:colcon.colcon_core.package_identification:_identify(docker) by extension 'python_setup_py'
[0.262s] Level 1:colcon.colcon_core.package_identification:_identify(docs) by extensions ['ignore', 'ignore_ament_install']
[0.262s] Level 1:colcon.colcon_core.package_identification:_identify(docs) by extension 'ignore'
[0.262s] Level 1:colcon.colcon_core.package_identification:_identify(docs) by extension 'ignore_ament_install'
[0.262s] Level 1:colcon.colcon_core.package_identification:_identify(docs) by extensions ['colcon_pkg']
[0.262s] Level 1:colcon.colcon_core.package_identification:_identify(docs) by extension 'colcon_pkg'
[0.262s] Level 1:colcon.colcon_core.package_identification:_identify(docs) by extensions ['colcon_meta']
[0.262s] Level 1:colcon.colcon_core.package_identification:_identify(docs) by extension 'colcon_meta'
[0.262s] Level 1:colcon.colcon_core.package_identification:_identify(docs) by extensions ['ros']
[0.262s] Level 1:colcon.colcon_core.package_identification:_identify(docs) by extension 'ros'
[0.262s] Level 1:colcon.colcon_core.package_identification:_identify(docs) by extensions ['cmake', 'python']
[0.262s] Level 1:colcon.colcon_core.package_identification:_identify(docs) by extension 'cmake'
[0.262s] Level 1:colcon.colcon_core.package_identification:_identify(docs) by extension 'python'
[0.262s] Level 1:colcon.colcon_core.package_identification:_identify(docs) by extensions ['python_setup_py']
[0.262s] Level 1:colcon.colcon_core.package_identification:_identify(docs) by extension 'python_setup_py'
[0.262s] Level 1:colcon.colcon_core.package_identification:_identify(install) by extensions ['ignore', 'ignore_ament_install']
[0.263s] Level 1:colcon.colcon_core.package_identification:_identify(install) by extension 'ignore'
[0.263s] Level 1:colcon.colcon_core.package_identification:_identify(install) ignored
[0.263s] Level 1:colcon.colcon_core.package_identification:_identify(launch) by extensions ['ignore', 'ignore_ament_install']
[0.263s] Level 1:colcon.colcon_core.package_identification:_identify(launch) by extension 'ignore'
[0.263s] Level 1:colcon.colcon_core.package_identification:_identify(launch) by extension 'ignore_ament_install'
[0.263s] Level 1:colcon.colcon_core.package_identification:_identify(launch) by extensions ['colcon_pkg']
[0.263s] Level 1:colcon.colcon_core.package_identification:_identify(launch) by extension 'colcon_pkg'
[0.263s] Level 1:colcon.colcon_core.package_identification:_identify(launch) by extensions ['colcon_meta']
[0.263s] Level 1:colcon.colcon_core.package_identification:_identify(launch) by extension 'colcon_meta'
[0.263s] Level 1:colcon.colcon_core.package_identification:_identify(launch) by extensions ['ros']
[0.263s] Level 1:colcon.colcon_core.package_identification:_identify(launch) by extension 'ros'
[0.263s] Level 1:colcon.colcon_core.package_identification:_identify(launch) by extensions ['cmake', 'python']
[0.263s] Level 1:colcon.colcon_core.package_identification:_identify(launch) by extension 'cmake'
[0.263s] Level 1:colcon.colcon_core.package_identification:_identify(launch) by extension 'python'
[0.263s] Level 1:colcon.colcon_core.package_identification:_identify(launch) by extensions ['python_setup_py']
[0.263s] Level 1:colcon.colcon_core.package_identification:_identify(launch) by extension 'python_setup_py'
[0.263s] Level 1:colcon.colcon_core.package_identification:_identify(log) by extensions ['ignore', 'ignore_ament_install']
[0.263s] Level 1:colcon.colcon_core.package_identification:_identify(log) by extension 'ignore'
[0.263s] Level 1:colcon.colcon_core.package_identification:_identify(log) ignored
[0.263s] Level 1:colcon.colcon_core.package_identification:_identify(src) by extensions ['ignore', 'ignore_ament_install']
[0.263s] Level 1:colcon.colcon_core.package_identification:_identify(src) by extension 'ignore'
[0.263s] Level 1:colcon.colcon_core.package_identification:_identify(src) by extension 'ignore_ament_install'
[0.263s] Level 1:colcon.colcon_core.package_identification:_identify(src) by extensions ['colcon_pkg']
[0.263s] Level 1:colcon.colcon_core.package_identification:_identify(src) by extension 'colcon_pkg'
[0.263s] Level 1:colcon.colcon_core.package_identification:_identify(src) by extensions ['colcon_meta']
[0.263s] Level 1:colcon.colcon_core.package_identification:_identify(src) by extension 'colcon_meta'
[0.263s] Level 1:colcon.colcon_core.package_identification:_identify(src) by extensions ['ros']
[0.263s] Level 1:colcon.colcon_core.package_identification:_identify(src) by extension 'ros'
[0.263s] Level 1:colcon.colcon_core.package_identification:_identify(src) by extensions ['cmake', 'python']
[0.263s] Level 1:colcon.colcon_core.package_identification:_identify(src) by extension 'cmake'
[0.263s] Level 1:colcon.colcon_core.package_identification:_identify(src) by extension 'python'
[0.263s] Level 1:colcon.colcon_core.package_identification:_identify(src) by extensions ['python_setup_py']
[0.263s] Level 1:colcon.colcon_core.package_identification:_identify(src) by extension 'python_setup_py'
[0.263s] Level 1:colcon.colcon_core.package_identification:_identify(src/bringup) by extensions ['ignore', 'ignore_ament_install']
[0.263s] Level 1:colcon.colcon_core.package_identification:_identify(src/bringup) by extension 'ignore'
[0.263s] Level 1:colcon.colcon_core.package_identification:_identify(src/bringup) by extension 'ignore_ament_install'
[0.263s] Level 1:colcon.colcon_core.package_identification:_identify(src/bringup) by extensions ['colcon_pkg']
[0.263s] Level 1:colcon.colcon_core.package_identification:_identify(src/bringup) by extension 'colcon_pkg'
[0.263s] Level 1:colcon.colcon_core.package_identification:_identify(src/bringup) by extensions ['colcon_meta']
[0.263s] Level 1:colcon.colcon_core.package_identification:_identify(src/bringup) by extension 'colcon_meta'
[0.263s] Level 1:colcon.colcon_core.package_identification:_identify(src/bringup) by extensions ['ros']
[0.263s] Level 1:colcon.colcon_core.package_identification:_identify(src/bringup) by extension 'ros'
[0.263s] Level 1:colcon.colcon_core.package_identification:_identify(src/bringup) by extensions ['cmake', 'python']
[0.263s] Level 1:colcon.colcon_core.package_identification:_identify(src/bringup) by extension 'cmake'
[0.263s] Level 1:colcon.colcon_core.package_identification:_identify(src/bringup) by extension 'python'
[0.263s] Level 1:colcon.colcon_core.package_identification:_identify(src/bringup) by extensions ['python_setup_py']
[0.263s] Level 1:colcon.colcon_core.package_identification:_identify(src/bringup) by extension 'python_setup_py'
[0.263s] Level 1:colcon.colcon_core.package_identification:_identify(src/localization) by extensions ['ignore', 'ignore_ament_install']
[0.263s] Level 1:colcon.colcon_core.package_identification:_identify(src/localization) by extension 'ignore'
[0.264s] Level 1:colcon.colcon_core.package_identification:_identify(src/localization) by extension 'ignore_ament_install'
[0.264s] Level 1:colcon.colcon_core.package_identification:_identify(src/localization) by extensions ['colcon_pkg']
[0.264s] Level 1:colcon.colcon_core.package_identification:_identify(src/localization) by extension 'colcon_pkg'
[0.264s] Level 1:colcon.colcon_core.package_identification:_identify(src/localization) by extensions ['colcon_meta']
[0.264s] Level 1:colcon.colcon_core.package_identification:_identify(src/localization) by extension 'colcon_meta'
[0.264s] Level 1:colcon.colcon_core.package_identification:_identify(src/localization) by extensions ['ros']
[0.264s] Level 1:colcon.colcon_core.package_identification:_identify(src/localization) by extension 'ros'
[0.264s] Level 1:colcon.colcon_core.package_identification:_identify(src/localization) by extensions ['cmake', 'python']
[0.264s] Level 1:colcon.colcon_core.package_identification:_identify(src/localization) by extension 'cmake'
[0.264s] Level 1:colcon.colcon_core.package_identification:_identify(src/localization) by extension 'python'
[0.264s] Level 1:colcon.colcon_core.package_identification:_identify(src/localization) by extensions ['python_setup_py']
[0.264s] Level 1:colcon.colcon_core.package_identification:_identify(src/localization) by extension 'python_setup_py'
[0.264s] Level 1:colcon.colcon_core.package_identification:_identify(src/navigation) by extensions ['ignore', 'ignore_ament_install']
[0.264s] Level 1:colcon.colcon_core.package_identification:_identify(src/navigation) by extension 'ignore'
[0.264s] Level 1:colcon.colcon_core.package_identification:_identify(src/navigation) by extension 'ignore_ament_install'
[0.264s] Level 1:colcon.colcon_core.package_identification:_identify(src/navigation) by extensions ['colcon_pkg']
[0.264s] Level 1:colcon.colcon_core.package_identification:_identify(src/navigation) by extension 'colcon_pkg'
[0.264s] Level 1:colcon.colcon_core.package_identification:_identify(src/navigation) by extensions ['colcon_meta']
[0.264s] Level 1:colcon.colcon_core.package_identification:_identify(src/navigation) by extension 'colcon_meta'
[0.264s] Level 1:colcon.colcon_core.package_identification:_identify(src/navigation) by extensions ['ros']
[0.264s] Level 1:colcon.colcon_core.package_identification:_identify(src/navigation) by extension 'ros'
[0.264s] Level 1:colcon.colcon_core.package_identification:_identify(src/navigation) by extensions ['cmake', 'python']
[0.264s] Level 1:colcon.colcon_core.package_identification:_identify(src/navigation) by extension 'cmake'
[0.264s] Level 1:colcon.colcon_core.package_identification:_identify(src/navigation) by extension 'python'
[0.264s] Level 1:colcon.colcon_core.package_identification:_identify(src/navigation) by extensions ['python_setup_py']
[0.264s] Level 1:colcon.colcon_core.package_identification:_identify(src/navigation) by extension 'python_setup_py'
[0.264s] Level 1:colcon.colcon_core.package_identification:_identify(src/rover_description) by extensions ['ignore', 'ignore_ament_install']
[0.264s] Level 1:colcon.colcon_core.package_identification:_identify(src/rover_description) by extension 'ignore'
[0.264s] Level 1:colcon.colcon_core.package_identification:_identify(src/rover_description) by extension 'ignore_ament_install'
[0.264s] Level 1:colcon.colcon_core.package_identification:_identify(src/rover_description) by extensions ['colcon_pkg']
[0.264s] Level 1:colcon.colcon_core.package_identification:_identify(src/rover_description) by extension 'colcon_pkg'
[0.264s] Level 1:colcon.colcon_core.package_identification:_identify(src/rover_description) by extensions ['colcon_meta']
[0.264s] Level 1:colcon.colcon_core.package_identification:_identify(src/rover_description) by extension 'colcon_meta'
[0.264s] Level 1:colcon.colcon_core.package_identification:_identify(src/rover_description) by extensions ['ros']
[0.264s] Level 1:colcon.colcon_core.package_identification:_identify(src/rover_description) by extension 'ros'
[0.266s] DEBUG:colcon.colcon_core.package_identification:Package 'src/rover_description' with type 'ros.ament_cmake' and name 'rover_description'
[0.266s] Level 1:colcon.colcon_core.package_identification:_identify(src/rover_simulation) by extensions ['ignore', 'ignore_ament_install']
[0.266s] Level 1:colcon.colcon_core.package_identification:_identify(src/rover_simulation) by extension 'ignore'
[0.266s] Level 1:colcon.colcon_core.package_identification:_identify(src/rover_simulation) by extension 'ignore_ament_install'
[0.266s] Level 1:colcon.colcon_core.package_identification:_identify(src/rover_simulation) by extensions ['colcon_pkg']
[0.266s] Level 1:colcon.colcon_core.package_identification:_identify(src/rover_simulation) by extension 'colcon_pkg'
[0.266s] Level 1:colcon.colcon_core.package_identification:_identify(src/rover_simulation) by extensions ['colcon_meta']
[0.266s] Level 1:colcon.colcon_core.package_identification:_identify(src/rover_simulation) by extension 'colcon_meta'
[0.266s] Level 1:colcon.colcon_core.package_identification:_identify(src/rover_simulation) by extensions ['ros']
[0.266s] Level 1:colcon.colcon_core.package_identification:_identify(src/rover_simulation) by extension 'ros'
[0.266s] DEBUG:colcon.colcon_core.package_identification:Package 'src/rover_simulation' with type 'ros.ament_cmake' and name 'rover_simulation'
[0.266s] Level 1:colcon.colcon_core.package_identification:_identify(src/tools) by extensions ['ignore', 'ignore_ament_install']
[0.266s] Level 1:colcon.colcon_core.package_identification:_identify(src/tools) by extension 'ignore'
[0.266s] Level 1:colcon.colcon_core.package_identification:_identify(src/tools) by extension 'ignore_ament_install'
[0.266s] Level 1:colcon.colcon_core.package_identification:_identify(src/tools) by extensions ['colcon_pkg']
[0.266s] Level 1:colcon.colcon_core.package_identification:_identify(src/tools) by extension 'colcon_pkg'
[0.266s] Level 1:colcon.colcon_core.package_identification:_identify(src/tools) by extensions ['colcon_meta']
[0.266s] Level 1:colcon.colcon_core.package_identification:_identify(src/tools) by extension 'colcon_meta'
[0.266s] Level 1:colcon.colcon_core.package_identification:_identify(src/tools) by extensions ['ros']
[0.266s] Level 1:colcon.colcon_core.package_identification:_identify(src/tools) by extension 'ros'
[0.266s] Level 1:colcon.colcon_core.package_identification:_identify(src/tools) by extensions ['cmake', 'python']
[0.266s] Level 1:colcon.colcon_core.package_identification:_identify(src/tools) by extension 'cmake'
[0.266s] Level 1:colcon.colcon_core.package_identification:_identify(src/tools) by extension 'python'
[0.266s] Level 1:colcon.colcon_core.package_identification:_identify(src/tools) by extensions ['python_setup_py']
[0.266s] Level 1:colcon.colcon_core.package_identification:_identify(src/tools) by extension 'python_setup_py'
[0.267s] Level 1:colcon.colcon_core.package_identification:_identify(src/vehicle_interface) by extensions ['ignore', 'ignore_ament_install']
[0.267s] Level 1:colcon.colcon_core.package_identification:_identify(src/vehicle_interface) by extension 'ignore'
[0.267s] Level 1:colcon.colcon_core.package_identification:_identify(src/vehicle_interface) by extension 'ignore_ament_install'
[0.267s] Level 1:colcon.colcon_core.package_identification:_identify(src/vehicle_interface) by extensions ['colcon_pkg']
[0.267s] Level 1:colcon.colcon_core.package_identification:_identify(src/vehicle_interface) by extension 'colcon_pkg'
[0.267s] Level 1:colcon.colcon_core.package_identification:_identify(src/vehicle_interface) by extensions ['colcon_meta']
[0.267s] Level 1:colcon.colcon_core.package_identification:_identify(src/vehicle_interface) by extension 'colcon_meta'
[0.267s] Level 1:colcon.colcon_core.package_identification:_identify(src/vehicle_interface) by extensions ['ros']
[0.267s] Level 1:colcon.colcon_core.package_identification:_identify(src/vehicle_interface) by extension 'ros'
[0.267s] Level 1:colcon.colcon_core.package_identification:_identify(src/vehicle_interface) by extensions ['cmake', 'python']
[0.267s] Level 1:colcon.colcon_core.package_identification:_identify(src/vehicle_interface) by extension 'cmake'
[0.267s] Level 1:colcon.colcon_core.package_identification:_identify(src/vehicle_interface) by extension 'python'
[0.267s] Level 1:colcon.colcon_core.package_identification:_identify(src/vehicle_interface) by extensions ['python_setup_py']
[0.267s] Level 1:colcon.colcon_core.package_identification:_identify(src/vehicle_interface) by extension 'python_setup_py'
[0.267s] Level 1:colcon.colcon_core.package_identification:_identify(worlds) by extensions ['ignore', 'ignore_ament_install']
[0.267s] Level 1:colcon.colcon_core.package_identification:_identify(worlds) by extension 'ignore'
[0.267s] Level 1:colcon.colcon_core.package_identification:_identify(worlds) by extension 'ignore_ament_install'
[0.267s] Level 1:colcon.colcon_core.package_identification:_identify(worlds) by extensions ['colcon_pkg']
[0.267s] Level 1:colcon.colcon_core.package_identification:_identify(worlds) by extension 'colcon_pkg'
[0.267s] Level 1:colcon.colcon_core.package_identification:_identify(worlds) by extensions ['colcon_meta']
[0.267s] Level 1:colcon.colcon_core.package_identification:_identify(worlds) by extension 'colcon_meta'
[0.267s] Level 1:colcon.colcon_core.package_identification:_identify(worlds) by extensions ['ros']
[0.267s] Level 1:colcon.colcon_core.package_identification:_identify(worlds) by extension 'ros'
[0.267s] Level 1:colcon.colcon_core.package_identification:_identify(worlds) by extensions ['cmake', 'python']
[0.267s] Level 1:colcon.colcon_core.package_identification:_identify(worlds) by extension 'cmake'
[0.267s] Level 1:colcon.colcon_core.package_identification:_identify(worlds) by extension 'python'
[0.267s] Level 1:colcon.colcon_core.package_identification:_identify(worlds) by extensions ['python_setup_py']
[0.267s] Level 1:colcon.colcon_core.package_identification:_identify(worlds) by extension 'python_setup_py'
[0.267s] Level 1:colcon.colcon_core.package_discovery:discover_packages(recursive) using defaults
[0.267s] Level 1:colcon.colcon_core.package_discovery:discover_packages(ignore) discover
[0.267s] Level 1:colcon.colcon_core.package_discovery:discover_packages(ignore) using defaults
[0.267s] Level 1:colcon.colcon_core.package_discovery:discover_packages(path) discover
[0.267s] Level 1:colcon.colcon_core.package_discovery:discover_packages(path) using defaults
[0.278s] Level 1:colcon.colcon_core.package_discovery:discover_packages(prefix_path) check parameters
[0.278s] Level 1:colcon.colcon_core.package_discovery:discover_packages(prefix_path) discover
[0.279s] DEBUG:colcon.colcon_installed_package_information.package_discovery:Found 2 installed packages in /home/ugv_dev/ugv_autonomy_stack/install
[0.280s] DEBUG:colcon.colcon_installed_package_information.package_discovery:Found 323 installed packages in /opt/ros/humble
[0.287s] Level 1:colcon.colcon_core.package_discovery:discover_packages(prefix_path) using defaults
[0.307s] Level 5:colcon.colcon_core.verb:set package 'rover_description' build argument 'cmake_args' from command line to 'None'
[0.307s] Level 5:colcon.colcon_core.verb:set package 'rover_description' build argument 'cmake_target' from command line to 'None'
[0.307s] Level 5:colcon.colcon_core.verb:set package 'rover_description' build argument 'cmake_target_skip_unavailable' from command line to 'False'
[0.307s] Level 5:colcon.colcon_core.verb:set package 'rover_description' build argument 'cmake_clean_cache' from command line to 'False'
[0.307s] Level 5:colcon.colcon_core.verb:set package 'rover_description' build argument 'cmake_clean_first' from command line to 'False'
[0.307s] Level 5:colcon.colcon_core.verb:set package 'rover_description' build argument 'cmake_force_configure' from command line to 'False'
[0.307s] Level 5:colcon.colcon_core.verb:set package 'rover_description' build argument 'ament_cmake_args' from command line to 'None'
[0.307s] Level 5:colcon.colcon_core.verb:set package 'rover_description' build argument 'catkin_cmake_args' from command line to 'None'
[0.307s] Level 5:colcon.colcon_core.verb:set package 'rover_description' build argument 'catkin_skip_building_tests' from command line to 'False'
[0.307s] DEBUG:colcon.colcon_core.verb:Building package 'rover_description' with the following arguments: {'ament_cmake_args': None, 'build_base': '/home/ugv_dev/ugv_autonomy_stack/build/rover_description', 'catkin_cmake_args': None, 'catkin_skip_building_tests': False, 'cmake_args': None, 'cmake_clean_cache': False, 'cmake_clean_first': False, 'cmake_force_configure': False, 'cmake_target': None, 'cmake_target_skip_unavailable': False, 'install_base': '/home/ugv_dev/ugv_autonomy_stack/install/rover_description', 'merge_install': False, 'path': '/home/ugv_dev/ugv_autonomy_stack/src/rover_description', 'symlink_install': False, 'test_result_base': None}
[0.307s] Level 5:colcon.colcon_core.verb:set package 'rover_simulation' build argument 'cmake_args' from command line to 'None'
[0.307s] Level 5:colcon.colcon_core.verb:set package 'rover_simulation' build argument 'cmake_target' from command line to 'None'
[0.307s] Level 5:colcon.colcon_core.verb:set package 'rover_simulation' build argument 'cmake_target_skip_unavailable' from command line to 'False'
[0.307s] Level 5:colcon.colcon_core.verb:set package 'rover_simulation' build argument 'cmake_clean_cache' from command line to 'False'
[0.307s] Level 5:colcon.colcon_core.verb:set package 'rover_simulation' build argument 'cmake_clean_first' from command line to 'False'
[0.307s] Level 5:colcon.colcon_core.verb:set package 'rover_simulation' build argument 'cmake_force_configure' from command line to 'False'
[0.307s] Level 5:colcon.colcon_core.verb:set package 'rover_simulation' build argument 'ament_cmake_args' from command line to 'None'
[0.307s] Level 5:colcon.colcon_core.verb:set package 'rover_simulation' build argument 'catkin_cmake_args' from command line to 'None'
[0.307s] Level 5:colcon.colcon_core.verb:set package 'rover_simulation' build argument 'catkin_skip_building_tests' from command line to 'False'
[0.307s] DEBUG:colcon.colcon_core.verb:Building package 'rover_simulation' with the following arguments: {'ament_cmake_args': None, 'build_base': '/home/ugv_dev/ugv_autonomy_stack/build/rover_simulation', 'catkin_cmake_args': None, 'catkin_skip_building_tests': False, 'cmake_args': None, 'cmake_clean_cache': False, 'cmake_clean_first': False, 'cmake_force_configure': False, 'cmake_target': None, 'cmake_target_skip_unavailable': False, 'install_base': '/home/ugv_dev/ugv_autonomy_stack/install/rover_simulation', 'merge_install': False, 'path': '/home/ugv_dev/ugv_autonomy_stack/src/rover_simulation', 'symlink_install': False, 'test_result_base': None}
[0.307s] INFO:colcon.colcon_core.executor:Executing jobs using 'parallel' executor
[0.308s] DEBUG:colcon.colcon_parallel_executor.executor.parallel:run_until_complete
[0.308s] INFO:colcon.colcon_ros.task.ament_cmake.build:Building ROS package in '/home/ugv_dev/ugv_autonomy_stack/src/rover_description' with build type 'ament_cmake'
[0.308s] INFO:colcon.colcon_cmake.task.cmake.build:Building CMake package in '/home/ugv_dev/ugv_autonomy_stack/src/rover_description'
[0.310s] INFO:colcon.colcon_core.plugin_system:Skipping extension 'colcon_core.shell.bat': Not used on non-Windows systems
[0.310s] INFO:colcon.colcon_core.shell:Skip shell extension 'powershell' for command environment: Not usable outside of PowerShell
[0.310s] DEBUG:colcon.colcon_core.shell:Skip shell extension 'dsv' for command environment
[0.313s] INFO:colcon.colcon_ros.task.ament_cmake.build:Building ROS package in '/home/ugv_dev/ugv_autonomy_stack/src/rover_simulation' with build type 'ament_cmake'
[0.313s] INFO:colcon.colcon_cmake.task.cmake.build:Building CMake package in '/home/ugv_dev/ugv_autonomy_stack/src/rover_simulation'
[0.313s] INFO:colcon.colcon_core.shell:Skip shell extension 'powershell' for command environment: Not usable outside of PowerShell
[0.313s] DEBUG:colcon.colcon_core.shell:Skip shell extension 'dsv' for command environment
[0.319s] DEBUG:colcon.colcon_core.event_handler.log_command:Invoking command in '/home/ugv_dev/ugv_autonomy_stack/build/rover_description': CMAKE_PREFIX_PATH=${CMAKE_PREFIX_PATH}:/opt/ros/humble /usr/bin/cmake --build /home/ugv_dev/ugv_autonomy_stack/build/rover_description -- -j16 -l16
[0.322s] DEBUG:colcon.colcon_core.event_handler.log_command:Invoking command in '/home/ugv_dev/ugv_autonomy_stack/build/rover_simulation': CMAKE_PREFIX_PATH=${CMAKE_PREFIX_PATH}:/opt/ros/humble /usr/bin/cmake --build /home/ugv_dev/ugv_autonomy_stack/build/rover_simulation -- -j16 -l16
[-3.211s] DEBUG:colcon.colcon_core.event_handler.log_command:Invoked command in '/home/ugv_dev/ugv_autonomy_stack/build/rover_description' returned '0': CMAKE_PREFIX_PATH=${CMAKE_PREFIX_PATH}:/opt/ros/humble /usr/bin/cmake --build /home/ugv_dev/ugv_autonomy_stack/build/rover_description -- -j16 -l16
[-3.204s] DEBUG:colcon.colcon_core.event_handler.log_command:Invoking command in '/home/ugv_dev/ugv_autonomy_stack/build/rover_description': CMAKE_PREFIX_PATH=${CMAKE_PREFIX_PATH}:/opt/ros/humble /usr/bin/cmake --install /home/ugv_dev/ugv_autonomy_stack/build/rover_description
[-3.204s] DEBUG:colcon.colcon_core.event_handler.log_command:Invoked command in '/home/ugv_dev/ugv_autonomy_stack/build/rover_simulation' returned '0': CMAKE_PREFIX_PATH=${CMAKE_PREFIX_PATH}:/opt/ros/humble /usr/bin/cmake --build /home/ugv_dev/ugv_autonomy_stack/build/rover_simulation -- -j16 -l16
[-3.202s] DEBUG:colcon.colcon_core.event_handler.log_command:Invoking command in '/home/ugv_dev/ugv_autonomy_stack/build/rover_simulation': CMAKE_PREFIX_PATH=${CMAKE_PREFIX_PATH}:/opt/ros/humble /usr/bin/cmake --install /home/ugv_dev/ugv_autonomy_stack/build/rover_simulation
[-3.199s] Level 1:colcon.colcon_core.environment:create_environment_scripts_only(rover_description)
[-3.199s] DEBUG:colcon.colcon_core.event_handler.log_command:Invoked command in '/home/ugv_dev/ugv_autonomy_stack/build/rover_description' returned '0': CMAKE_PREFIX_PATH=${CMAKE_PREFIX_PATH}:/opt/ros/humble /usr/bin/cmake --install /home/ugv_dev/ugv_autonomy_stack/build/rover_description
[-3.195s] Level 1:colcon.colcon_core.environment:checking '/home/ugv_dev/ugv_autonomy_stack/install/rover_description' for CMake module files
[-3.195s] Level 1:colcon.colcon_core.environment:checking '/home/ugv_dev/ugv_autonomy_stack/install/rover_description' for CMake config files
[-3.195s] Level 1:colcon.colcon_core.shell:create_environment_hook('rover_description', 'cmake_prefix_path')
[-3.195s] INFO:colcon.colcon_core.shell:Creating environment hook '/home/ugv_dev/ugv_autonomy_stack/install/rover_description/share/rover_description/hook/cmake_prefix_path.ps1'
[-3.195s] INFO:colcon.colcon_core.shell:Creating environment descriptor '/home/ugv_dev/ugv_autonomy_stack/install/rover_description/share/rover_description/hook/cmake_prefix_path.dsv'
[-3.194s] INFO:colcon.colcon_core.shell:Creating environment hook '/home/ugv_dev/ugv_autonomy_stack/install/rover_description/share/rover_description/hook/cmake_prefix_path.sh'
[-3.194s] Level 1:colcon.colcon_core.environment:checking '/home/ugv_dev/ugv_autonomy_stack/install/rover_description/bin'
[-3.194s] Level 1:colcon.colcon_core.environment:checking '/home/ugv_dev/ugv_autonomy_stack/install/rover_description/lib/pkgconfig/rover_description.pc'
[-3.194s] Level 1:colcon.colcon_core.environment:checking '/home/ugv_dev/ugv_autonomy_stack/install/rover_description/lib/python3.10/site-packages'
[-3.194s] Level 1:colcon.colcon_core.environment:checking '/home/ugv_dev/ugv_autonomy_stack/install/rover_description/bin'
[-3.193s] INFO:colcon.colcon_core.shell:Creating package script '/home/ugv_dev/ugv_autonomy_stack/install/rover_description/share/rover_description/package.ps1'
[-3.193s] INFO:colcon.colcon_core.shell:Creating package descriptor '/home/ugv_dev/ugv_autonomy_stack/install/rover_description/share/rover_description/package.dsv'
[-3.193s] INFO:colcon.colcon_core.shell:Creating package script '/home/ugv_dev/ugv_autonomy_stack/install/rover_description/share/rover_description/package.sh'
[-3.192s] INFO:colcon.colcon_core.shell:Creating package script '/home/ugv_dev/ugv_autonomy_stack/install/rover_description/share/rover_description/package.bash'
[-3.192s] INFO:colcon.colcon_core.shell:Creating package script '/home/ugv_dev/ugv_autonomy_stack/install/rover_description/share/rover_description/package.zsh'
[-3.192s] Level 1:colcon.colcon_core.environment:create_file_with_runtime_dependencies(/home/ugv_dev/ugv_autonomy_stack/install/rover_description/share/colcon-core/packages/rover_description)
[-3.191s] Level 1:colcon.colcon_core.environment:create_environment_scripts_only(rover_description)
[-3.191s] Level 1:colcon.colcon_core.environment:checking '/home/ugv_dev/ugv_autonomy_stack/install/rover_description' for CMake module files
[-3.191s] Level 1:colcon.colcon_core.environment:checking '/home/ugv_dev/ugv_autonomy_stack/install/rover_description' for CMake config files
[-3.191s] Level 1:colcon.colcon_core.shell:create_environment_hook('rover_description', 'cmake_prefix_path')
[-3.191s] INFO:colcon.colcon_core.shell:Creating environment hook '/home/ugv_dev/ugv_autonomy_stack/install/rover_description/share/rover_description/hook/cmake_prefix_path.ps1'
[-3.191s] INFO:colcon.colcon_core.shell:Creating environment descriptor '/home/ugv_dev/ugv_autonomy_stack/install/rover_description/share/rover_description/hook/cmake_prefix_path.dsv'
[-3.191s] INFO:colcon.colcon_core.shell:Creating environment hook '/home/ugv_dev/ugv_autonomy_stack/install/rover_description/share/rover_description/hook/cmake_prefix_path.sh'
[-3.190s] Level 1:colcon.colcon_core.environment:checking '/home/ugv_dev/ugv_autonomy_stack/install/rover_description/bin'
[-3.190s] Level 1:colcon.colcon_core.environment:checking '/home/ugv_dev/ugv_autonomy_stack/install/rover_description/lib/pkgconfig/rover_description.pc'
[-3.190s] Level 1:colcon.colcon_core.environment:checking '/home/ugv_dev/ugv_autonomy_stack/install/rover_description/lib/python3.10/site-packages'
[-3.190s] Level 1:colcon.colcon_core.environment:checking '/home/ugv_dev/ugv_autonomy_stack/install/rover_description/bin'
[-3.190s] INFO:colcon.colcon_core.shell:Creating package script '/home/ugv_dev/ugv_autonomy_stack/install/rover_description/share/rover_description/package.ps1'
[-3.190s] INFO:colcon.colcon_core.shell:Creating package descriptor '/home/ugv_dev/ugv_autonomy_stack/install/rover_description/share/rover_description/package.dsv'
[-3.189s] INFO:colcon.colcon_core.shell:Creating package script '/home/ugv_dev/ugv_autonomy_stack/install/rover_description/share/rover_description/package.sh'
[-3.189s] INFO:colcon.colcon_core.shell:Creating package script '/home/ugv_dev/ugv_autonomy_stack/install/rover_description/share/rover_description/package.bash'
[-3.189s] INFO:colcon.colcon_core.shell:Creating package script '/home/ugv_dev/ugv_autonomy_stack/install/rover_description/share/rover_description/package.zsh'
[-3.189s] Level 1:colcon.colcon_core.environment:create_file_with_runtime_dependencies(/home/ugv_dev/ugv_autonomy_stack/install/rover_description/share/colcon-core/packages/rover_description)
[-3.188s] Level 1:colcon.colcon_core.environment:create_environment_scripts_only(rover_simulation)
[-3.188s] Level 1:colcon.colcon_core.environment:checking '/home/ugv_dev/ugv_autonomy_stack/install/rover_simulation' for CMake module files
[-3.187s] DEBUG:colcon.colcon_core.event_handler.log_command:Invoked command in '/home/ugv_dev/ugv_autonomy_stack/build/rover_simulation' returned '0': CMAKE_PREFIX_PATH=${CMAKE_PREFIX_PATH}:/opt/ros/humble /usr/bin/cmake --install /home/ugv_dev/ugv_autonomy_stack/build/rover_simulation
[-3.187s] Level 1:colcon.colcon_core.environment:checking '/home/ugv_dev/ugv_autonomy_stack/install/rover_simulation' for CMake config files
[-3.187s] Level 1:colcon.colcon_core.shell:create_environment_hook('rover_simulation', 'cmake_prefix_path')
[-3.187s] INFO:colcon.colcon_core.shell:Creating environment hook '/home/ugv_dev/ugv_autonomy_stack/install/rover_simulation/share/rover_simulation/hook/cmake_prefix_path.ps1'
[-3.186s] INFO:colcon.colcon_core.shell:Creating environment descriptor '/home/ugv_dev/ugv_autonomy_stack/install/rover_simulation/share/rover_simulation/hook/cmake_prefix_path.dsv'
[-3.186s] INFO:colcon.colcon_core.shell:Creating environment hook '/home/ugv_dev/ugv_autonomy_stack/install/rover_simulation/share/rover_simulation/hook/cmake_prefix_path.sh'
[-3.186s] Level 1:colcon.colcon_core.environment:checking '/home/ugv_dev/ugv_autonomy_stack/install/rover_simulation/bin'
[-3.186s] Level 1:colcon.colcon_core.environment:checking '/home/ugv_dev/ugv_autonomy_stack/install/rover_simulation/lib/pkgconfig/rover_simulation.pc'
[-3.186s] Level 1:colcon.colcon_core.environment:checking '/home/ugv_dev/ugv_autonomy_stack/install/rover_simulation/lib/python3.10/site-packages'
[-3.186s] Level 1:colcon.colcon_core.environment:checking '/home/ugv_dev/ugv_autonomy_stack/install/rover_simulation/bin'
[-3.185s] INFO:colcon.colcon_core.shell:Creating package script '/home/ugv_dev/ugv_autonomy_stack/install/rover_simulation/share/rover_simulation/package.ps1'
[-3.185s] INFO:colcon.colcon_core.shell:Creating package descriptor '/home/ugv_dev/ugv_autonomy_stack/install/rover_simulation/share/rover_simulation/package.dsv'
[-3.185s] INFO:colcon.colcon_core.shell:Creating package script '/home/ugv_dev/ugv_autonomy_stack/install/rover_simulation/share/rover_simulation/package.sh'
[-3.185s] INFO:colcon.colcon_core.shell:Creating package script '/home/ugv_dev/ugv_autonomy_stack/install/rover_simulation/share/rover_simulation/package.bash'
[-3.185s] INFO:colcon.colcon_core.shell:Creating package script '/home/ugv_dev/ugv_autonomy_stack/install/rover_simulation/share/rover_simulation/package.zsh'
[-3.185s] Level 1:colcon.colcon_core.environment:create_file_with_runtime_dependencies(/home/ugv_dev/ugv_autonomy_stack/install/rover_simulation/share/colcon-core/packages/rover_simulation)
[-3.184s] Level 1:colcon.colcon_core.environment:create_environment_scripts_only(rover_simulation)
[-3.184s] Level 1:colcon.colcon_core.environment:checking '/home/ugv_dev/ugv_autonomy_stack/install/rover_simulation' for CMake module files
[-3.184s] Level 1:colcon.colcon_core.environment:checking '/home/ugv_dev/ugv_autonomy_stack/install/rover_simulation' for CMake config files
[-3.184s] Level 1:colcon.colcon_core.shell:create_environment_hook('rover_simulation', 'cmake_prefix_path')
[-3.184s] INFO:colcon.colcon_core.shell:Creating environment hook '/home/ugv_dev/ugv_autonomy_stack/install/rover_simulation/share/rover_simulation/hook/cmake_prefix_path.ps1'
[-3.184s] INFO:colcon.colcon_core.shell:Creating environment descriptor '/home/ugv_dev/ugv_autonomy_stack/install/rover_simulation/share/rover_simulation/hook/cmake_prefix_path.dsv'
[-3.183s] INFO:colcon.colcon_core.shell:Creating environment hook '/home/ugv_dev/ugv_autonomy_stack/install/rover_simulation/share/rover_simulation/hook/cmake_prefix_path.sh'
[-3.183s] Level 1:colcon.colcon_core.environment:checking '/home/ugv_dev/ugv_autonomy_stack/install/rover_simulation/bin'
[-3.183s] Level 1:colcon.colcon_core.environment:checking '/home/ugv_dev/ugv_autonomy_stack/install/rover_simulation/lib/pkgconfig/rover_simulation.pc'
[-3.183s] Level 1:colcon.colcon_core.environment:checking '/home/ugv_dev/ugv_autonomy_stack/install/rover_simulation/lib/python3.10/site-packages'
[-3.183s] Level 1:colcon.colcon_core.environment:checking '/home/ugv_dev/ugv_autonomy_stack/install/rover_simulation/bin'
[-3.183s] INFO:colcon.colcon_core.shell:Creating package script '/home/ugv_dev/ugv_autonomy_stack/install/rover_simulation/share/rover_simulation/package.ps1'
[-3.183s] INFO:colcon.colcon_core.shell:Creating package descriptor '/home/ugv_dev/ugv_autonomy_stack/install/rover_simulation/share/rover_simulation/package.dsv'
[-3.182s] INFO:colcon.colcon_core.shell:Creating package script '/home/ugv_dev/ugv_autonomy_stack/install/rover_simulation/share/rover_simulation/package.sh'
[-3.182s] INFO:colcon.colcon_core.shell:Creating package script '/home/ugv_dev/ugv_autonomy_stack/install/rover_simulation/share/rover_simulation/package.bash'
[-3.182s] INFO:colcon.colcon_core.shell:Creating package script '/home/ugv_dev/ugv_autonomy_stack/install/rover_simulation/share/rover_simulation/package.zsh'
[-3.182s] Level 1:colcon.colcon_core.environment:create_file_with_runtime_dependencies(/home/ugv_dev/ugv_autonomy_stack/install/rover_simulation/share/colcon-core/packages/rover_simulation)
[-3.182s] DEBUG:colcon.colcon_parallel_executor.executor.parallel:closing loop
[-3.181s] DEBUG:colcon.colcon_parallel_executor.executor.parallel:loop closed
[-3.181s] DEBUG:colcon.colcon_parallel_executor.executor.parallel:run_until_complete finished with '0'
[-3.181s] DEBUG:colcon.colcon_core.event_reactor:joining thread
[-3.122s] INFO:colcon.colcon_core.plugin_system:Skipping extension 'colcon_notification.desktop_notification.notify_send': Could not find 'notify-send'
[-3.122s] INFO:colcon.colcon_core.plugin_system:Skipping extension 'colcon_notification.desktop_notification.terminal_notifier': Not used on non-Darwin systems
[-3.122s] INFO:colcon.colcon_core.plugin_system:Skipping extension 'colcon_notification.desktop_notification.win32': Not used on non-Windows systems
[-3.122s] INFO:colcon.colcon_notification.desktop_notification:Sending desktop notification using 'notify2'
[-3.122s] DEBUG:colcon.colcon_notification.desktop_notification.notify2:Failed to initialize notify2: org.freedesktop.DBus.Error.FileNotFound: Failed to connect to socket /run/user/1000/bus: No such file or directory
[-3.122s] DEBUG:colcon.colcon_core.event_reactor:joined thread
[-3.122s] INFO:colcon.colcon_core.shell:Creating prefix script '/home/ugv_dev/ugv_autonomy_stack/install/local_setup.ps1'
[-3.121s] INFO:colcon.colcon_core.shell:Creating prefix util module '/home/ugv_dev/ugv_autonomy_stack/install/_local_setup_util_ps1.py'
[-3.121s] INFO:colcon.colcon_core.shell:Creating prefix chain script '/home/ugv_dev/ugv_autonomy_stack/install/setup.ps1'
[-3.120s] INFO:colcon.colcon_core.shell:Creating prefix script '/home/ugv_dev/ugv_autonomy_stack/install/local_setup.sh'
[-3.120s] INFO:colcon.colcon_core.shell:Creating prefix util module '/home/ugv_dev/ugv_autonomy_stack/install/_local_setup_util_sh.py'
[-3.120s] INFO:colcon.colcon_core.shell:Creating prefix chain script '/home/ugv_dev/ugv_autonomy_stack/install/setup.sh'
[-3.119s] INFO:colcon.colcon_core.shell:Creating prefix script '/home/ugv_dev/ugv_autonomy_stack/install/local_setup.bash'
[-3.119s] INFO:colcon.colcon_core.shell:Creating prefix chain script '/home/ugv_dev/ugv_autonomy_stack/install/setup.bash'
[-3.118s] INFO:colcon.colcon_core.shell:Creating prefix script '/home/ugv_dev/ugv_autonomy_stack/install/local_setup.zsh'
[-3.118s] INFO:colcon.colcon_core.shell:Creating prefix chain script '/home/ugv_dev/ugv_autonomy_stack/install/setup.zsh'
