[0.009s] Invoking command in '/home/ugv_dev/ugv_autonomy_stack/build/rover_description': CMAKE_PREFIX_PATH=/opt/ros/humble /usr/bin/cmake --build /home/ugv_dev/ugv_autonomy_stack/build/rover_description -- -j16 -l16
[0.026s] -- Found ament_cmake: 1.3.12 (/opt/ros/humble/share/ament_cmake/cmake)
[0.107s] -- Found ament_lint_auto: 0.12.14 (/opt/ros/humble/share/ament_lint_auto/cmake)
[0.150s] -- Added test 'lint_cmake' to check CMake code style
[0.151s] -- Added test 'xmllint' to check XML markup files
[0.151s] -- Configuring done
[0.153s] -- Generating done
[0.154s] -- Build files have been written to: /home/ugv_dev/ugv_autonomy_stack/build/rover_description
[0.167s] Invoked command in '/home/ugv_dev/ugv_autonomy_stack/build/rover_description' returned '0': CMAKE_PREFIX_PATH=/opt/ros/humble /usr/bin/cmake --build /home/ugv_dev/ugv_autonomy_stack/build/rover_description -- -j16 -l16
[0.169s] Invoking command in '/home/ugv_dev/ugv_autonomy_stack/build/rover_description': CMAKE_PREFIX_PATH=/opt/ros/humble /usr/bin/cmake --install /home/ugv_dev/ugv_autonomy_stack/build/rover_description
[0.173s] -- Install configuration: ""
[0.173s] -- Installing: /home/ugv_dev/ugv_autonomy_stack/install/rover_description/share/rover_description/urdf
[0.173s] -- Installing: /home/ugv_dev/ugv_autonomy_stack/install/rover_description/share/rover_description/urdf/rover.urdf.xacro
[0.173s] -- Installing: /home/ugv_dev/ugv_autonomy_stack/install/rover_description/share/rover_description/meshes
[0.173s] -- Installing: /home/ugv_dev/ugv_autonomy_stack/install/rover_description/share/rover_description/launch
[0.174s] -- Installing: /home/ugv_dev/ugv_autonomy_stack/install/rover_description/share/rover_description/rviz
[0.174s] -- Up-to-date: /home/ugv_dev/ugv_autonomy_stack/install/rover_description/share/ament_index/resource_index/package_run_dependencies/rover_description
[0.174s] -- Up-to-date: /home/ugv_dev/ugv_autonomy_stack/install/rover_description/share/ament_index/resource_index/parent_prefix_path/rover_description
[0.174s] -- Up-to-date: /home/ugv_dev/ugv_autonomy_stack/install/rover_description/share/rover_description/environment/ament_prefix_path.sh
[0.174s] -- Installing: /home/ugv_dev/ugv_autonomy_stack/install/rover_description/share/rover_description/environment/ament_prefix_path.dsv
[0.174s] -- Up-to-date: /home/ugv_dev/ugv_autonomy_stack/install/rover_description/share/rover_description/environment/path.sh
[0.175s] -- Installing: /home/ugv_dev/ugv_autonomy_stack/install/rover_description/share/rover_description/environment/path.dsv
[0.175s] -- Up-to-date: /home/ugv_dev/ugv_autonomy_stack/install/rover_description/share/rover_description/local_setup.bash
[0.175s] -- Up-to-date: /home/ugv_dev/ugv_autonomy_stack/install/rover_description/share/rover_description/local_setup.sh
[0.175s] -- Up-to-date: /home/ugv_dev/ugv_autonomy_stack/install/rover_description/share/rover_description/local_setup.zsh
[0.175s] -- Installing: /home/ugv_dev/ugv_autonomy_stack/install/rover_description/share/rover_description/local_setup.dsv
[0.175s] -- Installing: /home/ugv_dev/ugv_autonomy_stack/install/rover_description/share/rover_description/package.dsv
[0.175s] -- Up-to-date: /home/ugv_dev/ugv_autonomy_stack/install/rover_description/share/ament_index/resource_index/packages/rover_description
[0.175s] -- Up-to-date: /home/ugv_dev/ugv_autonomy_stack/install/rover_description/share/rover_description/cmake/rover_descriptionConfig.cmake
[0.175s] -- Up-to-date: /home/ugv_dev/ugv_autonomy_stack/install/rover_description/share/rover_description/cmake/rover_descriptionConfig-version.cmake
[0.175s] -- Up-to-date: /home/ugv_dev/ugv_autonomy_stack/install/rover_description/share/rover_description/package.xml
[0.176s] Invoked command in '/home/ugv_dev/ugv_autonomy_stack/build/rover_description' returned '0': CMAKE_PREFIX_PATH=/opt/ros/humble /usr/bin/cmake --install /home/ugv_dev/ugv_autonomy_stack/build/rover_description
